<?xml version='1.0' encoding='UTF-8' ?>
<testsuites tests="12" failures="0" errors="0" skipped="0" time="0.000" timestamp="2026-09-10T21:15:58" hostname="localhost">
  <testsuite name="com.clerk.api.TokenRequestContractTest" tests="12" failures="0" errors="0" skipped="0" time="10.331" timestamp="2026-09-10T21:15:58" hostname="localhost">
    <properties>
      <property name="device" value="emulator-5554" />
    </properties>
    <testcase name="revokedTokenClearsSessionWhenRecoveryRemovesIt" classname="com.clerk.api.TokenRequestContractTest" time="0.939" />
    <testcase name="pendingSessionUsesCurrentCoreStateAndServerOutcome" classname="com.clerk.api.TokenRequestContractTest" time="0.643" />
    <testcase name="unauthorizedTokenRefreshesCurrentSession" classname="com.clerk.api.TokenRequestContractTest" time="1.245" />
    <testcase name="sharedSuccessReachesBothCallersAndRemainsCached" classname="com.clerk.api.TokenRequestContractTest" time="0.454" />
    <testcase name="revokedTokenUsesRefreshedClientState" classname="com.clerk.api.TokenRequestContractTest" time="0.638" />
    <testcase name="invalidAuthenticationUsesRefreshedClientState" classname="com.clerk.api.TokenRequestContractTest" time="0.801" />
    <testcase name="cacheSeparatesSessionsTemplatesAndOrganizations" classname="com.clerk.api.TokenRequestContractTest" time="1.186" />
    <testcase name="sharedFailureReachesBothCallersAndNextCallRecovers" classname="com.clerk.api.TokenRequestContractTest" time="0.889" />
    <testcase name="rejectedTokenKeepsSession" classname="com.clerk.api.TokenRequestContractTest" time="0.912" />
    <testcase name="closingOwnerRejectsForcedTokenAndIgnoresLateCredential" classname="com.clerk.api.TokenRequestContractTest" time="1.109" />
    <testcase name="closingOwnerReleasesSharedTokenWaiters" classname="com.clerk.api.TokenRequestContractTest" time="0.905" />
    <testcase name="exhaustedNetworkFailureThrowsAndLaterCallRecovers" classname="com.clerk.api.TokenRequestContractTest" time="0.610" />
  </testsuite>
</testsuites>
