<?xml version='1.0' encoding='UTF-8' ?>
<testsuites tests="16" failures="0" errors="0" skipped="0" time="0.000" timestamp="2026-09-10T19:59:47" hostname="localhost">
  <testsuite name="com.clerk.api.GoogleIdentityContractTest" tests="16" failures="0" errors="0" skipped="0" time="4.124" timestamp="2026-09-10T19:59:47" hostname="localhost">
    <properties>
      <property name="device" value="emulator-5554" />
    </properties>
    <testcase name="unavailableNativeProviderDoesNotFallback" classname="com.clerk.api.GoogleIdentityContractTest" time="0.457" />
    <testcase name="emptyPickerFallsBackToBrowser" classname="com.clerk.api.GoogleIdentityContractTest" time="0.506" />
    <testcase name="blankIdentityTokenDoesNotAuthenticate" classname="com.clerk.api.GoogleIdentityContractTest" time="0.240" />
    <testcase name="missingAccountCreatesSignupWithMetadata" classname="com.clerk.api.GoogleIdentityContractTest" time="0.385" />
    <testcase name="signupEntryTransfersExistingAccountToSignIn" classname="com.clerk.api.GoogleIdentityContractTest" time="0.409" />
    <testcase name="resetIgnoresLateIdentityToken" classname="com.clerk.api.GoogleIdentityContractTest" time="0.214" />
    <testcase name="existingAccountRequiresFinalization" classname="com.clerk.api.GoogleIdentityContractTest" time="0.250" />
    <testcase name="unknownNativeCredentialFailureDoesNotFallback" classname="com.clerk.api.GoogleIdentityContractTest" time="0.157" />
    <testcase name="failedSignupPreservesStructuredError" classname="com.clerk.api.GoogleIdentityContractTest" time="0.178" />
    <testcase name="transferableStatusWithoutAccountExistsErrorDoesNotTransfer" classname="com.clerk.api.GoogleIdentityContractTest" time="0.180" />
    <testcase name="cancelledPickerDoesNotOpenBrowser" classname="com.clerk.api.GoogleIdentityContractTest" time="0.160" />
    <testcase name="unsupportedNativeCredentialDoesNotAuthenticate" classname="com.clerk.api.GoogleIdentityContractTest" time="0.171" />
    <testcase name="malformedNativeCredentialDoesNotAuthenticate" classname="com.clerk.api.GoogleIdentityContractTest" time="0.157" />
    <testcase name="rejectedIdentityDoesNotOpenBrowser" classname="com.clerk.api.GoogleIdentityContractTest" time="0.191" />
    <testcase name="transferableSignupReturnsToSignInWithOneIdentityPrompt" classname="com.clerk.api.GoogleIdentityContractTest" time="0.286" />
    <testcase name="signInOnlyDoesNotCreateAccount" classname="com.clerk.api.GoogleIdentityContractTest" time="0.183" />
  </testsuite>
</testsuites>
