<?xml version='1.0' encoding='UTF-8' ?>
<testsuites tests="5" failures="0" errors="0" skipped="0" time="0.000" timestamp="2026-09-10T21:35:48" hostname="localhost">
  <testsuite name="com.clerk.api.SignInCredentialContractTest" tests="5" failures="0" errors="0" skipped="0" time="1.094" timestamp="2026-09-10T21:35:48" hostname="localhost">
    <properties>
      <property name="device" value="emulator-5554" />
    </properties>
    <testcase name="passkeyPreparationPreservesFailureStage" classname="com.clerk.api.SignInCredentialContractTest" time="0.293" />
    <testcase name="cancelledPasskeyDoesNotSubmitCredential" classname="com.clerk.api.SignInCredentialContractTest" time="0.185" />
    <testcase name="biometricSignInForwardsSelectionAndPrompt" classname="com.clerk.api.SignInCredentialContractTest" time="0.260" />
    <testcase name="passkeySubmissionPreservesFailureStage" classname="com.clerk.api.SignInCredentialContractTest" time="0.169" />
    <testcase name="passkeyForwardsOptionsAndRequiresFinalization" classname="com.clerk.api.SignInCredentialContractTest" time="0.187" />
  </testsuite>
</testsuites>
