<?xml version="1.0" encoding="UTF-8"?>
<testsuite name="com.clerk.api.AndroidPasskeyHostTest" tests="14" skipped="0" failures="0" errors="0" timestamp="2026-09-10T23:43:27.212Z" hostname="ip-172-31-64-123" time="6.966">
  <properties/>
  <testcase name="platformCancellationIsReportedAsUserCancelled[28]" classname="com.clerk.api.AndroidPasskeyHostTest" time="2.283"/>
  <testcase name="credentialTypeMismatchFailsWithoutRetrying[28]" classname="com.clerk.api.AndroidPasskeyHostTest" time="0.135"/>
  <testcase name="requestsPreserveWebAuthnOptionsAndReturnPublicKeyResponses[28]" classname="com.clerk.api.AndroidPasskeyHostTest" time="0.087"/>
  <testcase name="callerCancellationCancelsSystemRequestAndIgnoresLateReply[28]" classname="com.clerk.api.AndroidPasskeyHostTest" time="0.094"/>
  <testcase name="unsupportedOptionsFailBeforeCredentialRequest[28]" classname="com.clerk.api.AndroidPasskeyHostTest" time="0.079"/>
  <testcase name="missingAndFinishedActivitiesFailBeforeCredentialRequest[28]" classname="com.clerk.api.AndroidPasskeyHostTest" time="0.072"/>
  <testcase name="providerFailuresPropagateWithoutRetry[28]" classname="com.clerk.api.AndroidPasskeyHostTest" time="0.077"/>
  <testcase name="platformCancellationIsReportedAsUserCancelled" classname="com.clerk.api.AndroidPasskeyHostTest" time="3.044"/>
  <testcase name="credentialTypeMismatchFailsWithoutRetrying" classname="com.clerk.api.AndroidPasskeyHostTest" time="0.067"/>
  <testcase name="requestsPreserveWebAuthnOptionsAndReturnPublicKeyResponses" classname="com.clerk.api.AndroidPasskeyHostTest" time="0.06"/>
  <testcase name="callerCancellationCancelsSystemRequestAndIgnoresLateReply" classname="com.clerk.api.AndroidPasskeyHostTest" time="0.069"/>
  <testcase name="unsupportedOptionsFailBeforeCredentialRequest" classname="com.clerk.api.AndroidPasskeyHostTest" time="0.049"/>
  <testcase name="missingAndFinishedActivitiesFailBeforeCredentialRequest" classname="com.clerk.api.AndroidPasskeyHostTest" time="0.051"/>
  <testcase name="providerFailuresPropagateWithoutRetry" classname="com.clerk.api.AndroidPasskeyHostTest" time="0.052"/>
  <system-out><![CDATA[]]></system-out>
  <system-err><![CDATA[]]></system-err>
</testsuite>
