<?xml version="1.0" encoding="UTF-8"?>
<testsuite name="com.clerk.api.ClerkConfigurationTest" tests="4" skipped="0" failures="0" errors="0" timestamp="2026-09-10T22:20:25.694Z" hostname="ip-172-31-64-123" time="0.002">
  <properties/>
  <testcase name="validKeysNormalizeWhitespaceAndPreserveTheConfiguredCallback" classname="com.clerk.api.ClerkConfigurationTest" time="0.001"/>
  <testcase name="invalidPublishableKeysAlwaysProduceStructuredErrors" classname="com.clerk.api.ClerkConfigurationTest" time="0.001"/>
  <testcase name="invalidCallbackRoutesAlwaysProduceStructuredErrors" classname="com.clerk.api.ClerkConfigurationTest" time="0.0"/>
  <testcase name="httpsCallbacksAreAcceptedForPlatformsSupportingVerifiedLinks" classname="com.clerk.api.ClerkConfigurationTest" time="0.0"/>
  <system-out><![CDATA[]]></system-out>
  <system-err><![CDATA[]]></system-err>
</testsuite>
