<?xml version='1.0' encoding='UTF-8' ?>
<testsuites tests="5" failures="0" errors="0" skipped="0" time="0.000" timestamp="2026-09-10T22:03:51" hostname="localhost">
  <testsuite name="com.clerk.api.BrowserCallbackContractTest" tests="5" failures="0" errors="0" skipped="0" time="1.323" timestamp="2026-09-10T22:03:51" hostname="localhost">
    <properties>
      <property name="device" value="emulator-5554" />
    </properties>
    <testcase name="nativeCallbackFailurePreservesErrorAndReconciledState" classname="com.clerk.api.BrowserCallbackContractTest" time="0.316" />
    <testcase name="providerQueryErrorDoesNotReplaceServerState" classname="com.clerk.api.BrowserCallbackContractTest" time="0.237" />
    <testcase name="missingSuccessMarkerReloadsRemainingServerRequirements" classname="com.clerk.api.BrowserCallbackContractTest" time="0.222" />
    <testcase name="transferMarkerAloneCannotCreateSignUp" classname="com.clerk.api.BrowserCallbackContractTest" time="0.292" />
    <testcase name="signInPreparationPreservesStructuredFailure" classname="com.clerk.api.BrowserCallbackContractTest" time="0.256" />
  </testsuite>
</testsuites>
