<?xml version='1.0' encoding='UTF-8' ?>
<testsuites tests="5" failures="0" errors="0" skipped="0" time="0.000" timestamp="2026-09-10T22:03:15" hostname="localhost">
  <testsuite name="com.clerk.api.SignInCredentialContractTest" tests="5" failures="0" errors="0" skipped="0" time="3.271" timestamp="2026-09-10T22:03:15" hostname="localhost">
    <properties>
      <property name="device" value="emulator-5554" />
    </properties>
    <testcase name="passkeyPreparationPreservesFailureStage" classname="com.clerk.api.SignInCredentialContractTest" time="0.702" />
    <testcase name="cancelledPasskeyDoesNotSubmitCredential" classname="com.clerk.api.SignInCredentialContractTest" time="0.780" />
    <testcase name="biometricSignInForwardsSelectionAndPrompt" classname="com.clerk.api.SignInCredentialContractTest" time="0.867" />
    <testcase name="passkeySubmissionPreservesFailureStage" classname="com.clerk.api.SignInCredentialContractTest" time="0.620" />
    <testcase name="passkeyForwardsOptionsAndRequiresFinalization" classname="com.clerk.api.SignInCredentialContractTest" time="0.302" />
  </testsuite>
</testsuites>
