<?xml version='1.0' encoding='UTF-8' ?>
<testsuites tests="16" failures="0" errors="0" skipped="0" time="0.000" timestamp="2026-09-10T22:50:44" hostname="localhost">
  <testsuite name="com.clerk.api.GoogleIdentityContractTest" tests="16" failures="0" errors="0" skipped="0" time="8.836" timestamp="2026-09-10T22:50:44" hostname="localhost">
    <properties>
      <property name="device" value="emulator-5554" />
    </properties>
    <testcase name="unavailableNativeProviderDoesNotFallback" classname="com.clerk.api.GoogleIdentityContractTest" time="1.056" />
    <testcase name="emptyPickerFallsBackToBrowser" classname="com.clerk.api.GoogleIdentityContractTest" time="1.654" />
    <testcase name="blankIdentityTokenDoesNotAuthenticate" classname="com.clerk.api.GoogleIdentityContractTest" time="0.578" />
    <testcase name="missingAccountCreatesSignupWithMetadata" classname="com.clerk.api.GoogleIdentityContractTest" time="0.786" />
    <testcase name="signupEntryTransfersExistingAccountToSignIn" classname="com.clerk.api.GoogleIdentityContractTest" time="1.322" />
    <testcase name="resetIgnoresLateIdentityToken" classname="com.clerk.api.GoogleIdentityContractTest" time="0.401" />
    <testcase name="existingAccountRequiresFinalization" classname="com.clerk.api.GoogleIdentityContractTest" time="0.397" />
    <testcase name="unknownNativeCredentialFailureDoesNotFallback" classname="com.clerk.api.GoogleIdentityContractTest" time="0.300" />
    <testcase name="failedSignupPreservesStructuredError" classname="com.clerk.api.GoogleIdentityContractTest" time="0.392" />
    <testcase name="transferableStatusWithoutAccountExistsErrorDoesNotTransfer" classname="com.clerk.api.GoogleIdentityContractTest" time="0.394" />
    <testcase name="cancelledPickerDoesNotOpenBrowser" classname="com.clerk.api.GoogleIdentityContractTest" time="0.311" />
    <testcase name="unsupportedNativeCredentialDoesNotAuthenticate" classname="com.clerk.api.GoogleIdentityContractTest" time="0.248" />
    <testcase name="malformedNativeCredentialDoesNotAuthenticate" classname="com.clerk.api.GoogleIdentityContractTest" time="0.209" />
    <testcase name="rejectedIdentityDoesNotOpenBrowser" classname="com.clerk.api.GoogleIdentityContractTest" time="0.196" />
    <testcase name="transferableSignupReturnsToSignInWithOneIdentityPrompt" classname="com.clerk.api.GoogleIdentityContractTest" time="0.379" />
    <testcase name="signInOnlyDoesNotCreateAccount" classname="com.clerk.api.GoogleIdentityContractTest" time="0.213" />
  </testsuite>
</testsuites>
