<?xml version='1.0' encoding='UTF-8' ?>
<testsuites tests="8" failures="0" errors="0" skipped="0" time="0.000" timestamp="2026-09-10T22:51:00" hostname="localhost">
  <testsuite name="com.clerk.api.SessionSelectionContractTest" tests="8" failures="0" errors="0" skipped="0" time="2.204" timestamp="2026-09-10T22:51:00" hostname="localhost">
    <properties>
      <property name="device" value="emulator-5554" />
    </properties>
    <testcase name="laterEmptyRefreshClearsSelectedSession" classname="com.clerk.api.SessionSelectionContractTest" time="0.528" />
    <testcase name="explicitSelectionOverridesStaleClientSelection" classname="com.clerk.api.SessionSelectionContractTest" time="0.277" />
    <testcase name="emptyTouchClientDoesNotRestoreSession" classname="com.clerk.api.SessionSelectionContractTest" time="0.245" />
    <testcase name="selectsExistingSessionWithoutFollowupRefresh" classname="com.clerk.api.SessionSelectionContractTest" time="0.245" />
    <testcase name="returnedOrganizationStateOverridesRequestedOrganization" classname="com.clerk.api.SessionSelectionContractTest" time="0.226" />
    <testcase name="selectedSessionSignoutLeavesRemainingSessionUnselected" classname="com.clerk.api.SessionSelectionContractTest" time="0.208" />
    <testcase name="omittedOrganizationStillSelectsSessionWhenOrganizationsAreForced" classname="com.clerk.api.SessionSelectionContractTest" time="0.260" />
    <testcase name="forcedPersonalSelectionKeepsCurrentSession" classname="com.clerk.api.SessionSelectionContractTest" time="0.215" />
  </testsuite>
</testsuites>
