<?xml version='1.0' encoding='UTF-8' ?>
<testsuites tests="7" failures="0" errors="0" skipped="0" time="0.000" timestamp="2026-09-10T22:51:47" hostname="localhost">
  <testsuite name="com.clerk.api.BrowserActivityLifecycleTest" tests="7" failures="0" errors="0" skipped="0" time="4.842" timestamp="2026-09-10T22:51:47" hostname="localhost">
    <properties>
      <property name="device" value="emulator-5554" />
    </properties>
    <testcase name="immediateSecondAuthorizationIsPresentedAfterFirstCallback" classname="com.clerk.api.BrowserActivityLifecycleTest" time="2.503" />
    <testcase name="unrelatedCallbackCannotCompleteOrCancelPendingAuthorization" classname="com.clerk.api.BrowserActivityLifecycleTest" time="0.433" />
    <testcase name="resumedManagerTreatsBrowserDismissalAsCancellation" classname="com.clerk.api.BrowserActivityLifecycleTest" time="0.437" />
    <testcase name="actualReceiverDeliversCallbackToTheRunningManager" classname="com.clerk.api.BrowserActivityLifecycleTest" time="0.460" />
    <testcase name="browserCallbackSurvivesDeviceRotation" classname="com.clerk.api.BrowserActivityLifecycleTest" time="0.763" />
    <testcase name="manifestExposesOnlyTheCurrentDefaultCallbackRoute" classname="com.clerk.api.BrowserActivityLifecycleTest" time="0.019" />
    <testcase name="unrelatedCallbackCannotCreateAnIdleBrowserPresentation" classname="com.clerk.api.BrowserActivityLifecycleTest" time="0.227" />
  </testsuite>
</testsuites>
