<?xml version='1.0' encoding='UTF-8' ?>
<testsuites tests="6" failures="0" errors="0" skipped="0" time="0.000" timestamp="2026-09-10T22:52:01" hostname="localhost">
  <testsuite name="com.clerk.api.PasskeyRegistrationFailureTest" tests="6" failures="0" errors="0" skipped="0" time="1.126" timestamp="2026-09-10T22:52:01" hostname="localhost">
    <properties>
      <property name="device" value="emulator-5554" />
    </properties>
    <testcase name="creationFailurePreservesAPIErrorWithoutPresentingCredential" classname="com.clerk.api.PasskeyRegistrationFailureTest" time="0.243" />
    <testcase name="unsupportedPasskeysDoNotCreateServerResource" classname="com.clerk.api.PasskeyRegistrationFailureTest" time="0.174" />
    <testcase name="providerFailureDoesNotSubmitCredentialOrExposePrivateDetails" classname="com.clerk.api.PasskeyRegistrationFailureTest" time="0.182" />
    <testcase name="invalidCredentialDoesNotSubmitVerification" classname="com.clerk.api.PasskeyRegistrationFailureTest" time="0.178" />
    <testcase name="missingOptionsFailBeforeCredentialPresentation" classname="com.clerk.api.PasskeyRegistrationFailureTest" time="0.166" />
    <testcase name="verificationFailurePreservesAPIErrorWithoutRetryingCredential" classname="com.clerk.api.PasskeyRegistrationFailureTest" time="0.183" />
  </testsuite>
</testsuites>
