<?xml version='1.0' encoding='UTF-8' ?>
<testsuites tests="16" failures="0" errors="0" skipped="0" time="0.000" timestamp="2026-09-11T00:38:06" hostname="localhost">
  <testsuite name="com.clerk.api.BrowserSSOContractTest" tests="16" failures="0" errors="0" skipped="0" time="2.679" timestamp="2026-09-11T00:38:06" hostname="localhost">
    <properties>
      <property name="device" value="emulator-5554" />
    </properties>
    <testcase name="signInUsesGoogleBrowserStrategyAndConfiguredCallback" classname="com.clerk.api.BrowserSSOContractTest" time="0.220" />
    <testcase name="rejectedPreparationPreservesStructuredError" classname="com.clerk.api.BrowserSSOContractTest" time="0.153" />
    <testcase name="disabledBrowserTransferDoesNotCreateSignUp" classname="com.clerk.api.BrowserSSOContractTest" time="0.169" />
    <testcase name="cancelledSignUpDoesNotReconcileOrActivate" classname="com.clerk.api.BrowserSSOContractTest" time="0.163" />
    <testcase name="signUpPreservesMetadataAndBrowserStrategy" classname="com.clerk.api.BrowserSSOContractTest" time="0.160" />
    <testcase name="enterpriseSignInPreparesConnectionBeforeOpeningBrowser" classname="com.clerk.api.BrowserSSOContractTest" time="0.169" />
    <testcase name="unrelatedCallbackDoesNotSubmitNonce" classname="com.clerk.api.BrowserSSOContractTest" time="0.154" />
    <testcase name="signUpTransportFailureDoesNotBecomeSuccess" classname="com.clerk.api.BrowserSSOContractTest" time="0.138" />
    <testcase name="enterpriseSignInRefreshesPreparedRedirectOnExistingAttempt" classname="com.clerk.api.BrowserSSOContractTest" time="0.190" />
    <testcase name="oauthRetryDoesNotReplayStalePreparedRedirect" classname="com.clerk.api.BrowserSSOContractTest" time="0.190" />
    <testcase name="cancelledSignInDoesNotReconcileOrActivate" classname="com.clerk.api.BrowserSSOContractTest" time="0.163" />
    <testcase name="signInTransportFailureDoesNotBecomeSuccess" classname="com.clerk.api.BrowserSSOContractTest" time="0.150" />
    <testcase name="signUpPreservesCustomProviderStrategy" classname="com.clerk.api.BrowserSSOContractTest" time="0.164" />
    <testcase name="signInPreservesCustomProviderStrategy" classname="com.clerk.api.BrowserSSOContractTest" time="0.157" />
    <testcase name="missingRedirectLeavesAnIncompleteAttemptWithoutOpeningBrowser" classname="com.clerk.api.BrowserSSOContractTest" time="0.152" />
    <testcase name="browserTransferCreatesSignUpWithMetadataWithoutSecondPrompt" classname="com.clerk.api.BrowserSSOContractTest" time="0.187" />
  </testsuite>
</testsuites>
