<?xml version='1.0' encoding='UTF-8' ?>
<testsuites tests="12" failures="0" errors="0" skipped="0" time="0.000" timestamp="2026-09-11T00:37:15" hostname="localhost">
  <testsuite name="com.clerk.api.TokenRequestContractTest" tests="12" failures="0" errors="0" skipped="0" time="6.781" timestamp="2026-09-11T00:37:15" hostname="localhost">
    <properties>
      <property name="device" value="emulator-5554" />
    </properties>
    <testcase name="revokedTokenClearsSessionWhenRecoveryRemovesIt" classname="com.clerk.api.TokenRequestContractTest" time="0.645" />
    <testcase name="pendingSessionUsesCurrentCoreStateAndServerOutcome" classname="com.clerk.api.TokenRequestContractTest" time="0.819" />
    <testcase name="unauthorizedTokenRefreshesCurrentSession" classname="com.clerk.api.TokenRequestContractTest" time="1.351" />
    <testcase name="sharedSuccessReachesBothCallersAndRemainsCached" classname="com.clerk.api.TokenRequestContractTest" time="0.666" />
    <testcase name="revokedTokenUsesRefreshedClientState" classname="com.clerk.api.TokenRequestContractTest" time="0.600" />
    <testcase name="invalidAuthenticationUsesRefreshedClientState" classname="com.clerk.api.TokenRequestContractTest" time="0.325" />
    <testcase name="cacheSeparatesSessionsTemplatesAndOrganizations" classname="com.clerk.api.TokenRequestContractTest" time="0.532" />
    <testcase name="sharedFailureReachesBothCallersAndNextCallRecovers" classname="com.clerk.api.TokenRequestContractTest" time="0.435" />
    <testcase name="rejectedTokenKeepsSession" classname="com.clerk.api.TokenRequestContractTest" time="0.404" />
    <testcase name="closingOwnerRejectsForcedTokenAndIgnoresLateCredential" classname="com.clerk.api.TokenRequestContractTest" time="0.242" />
    <testcase name="closingOwnerReleasesSharedTokenWaiters" classname="com.clerk.api.TokenRequestContractTest" time="0.356" />
    <testcase name="exhaustedNetworkFailureThrowsAndLaterCallRecovers" classname="com.clerk.api.TokenRequestContractTest" time="0.406" />
  </testsuite>
</testsuites>
