<?xml version='1.0' encoding='UTF-8' ?>
<testsuites tests="6" failures="0" errors="0" skipped="0" time="0.000" timestamp="2026-09-11T00:38:33" hostname="localhost">
  <testsuite name="com.clerk.api.PasskeyRegistrationFailureTest" tests="6" failures="0" errors="0" skipped="0" time="0.975" timestamp="2026-09-11T00:38:33" hostname="localhost">
    <properties>
      <property name="device" value="emulator-5554" />
    </properties>
    <testcase name="creationFailurePreservesAPIErrorWithoutPresentingCredential" classname="com.clerk.api.PasskeyRegistrationFailureTest" time="0.207" />
    <testcase name="unsupportedPasskeysDoNotCreateServerResource" classname="com.clerk.api.PasskeyRegistrationFailureTest" time="0.155" />
    <testcase name="providerFailureDoesNotSubmitCredentialOrExposePrivateDetails" classname="com.clerk.api.PasskeyRegistrationFailureTest" time="0.154" />
    <testcase name="invalidCredentialDoesNotSubmitVerification" classname="com.clerk.api.PasskeyRegistrationFailureTest" time="0.151" />
    <testcase name="missingOptionsFailBeforeCredentialPresentation" classname="com.clerk.api.PasskeyRegistrationFailureTest" time="0.153" />
    <testcase name="verificationFailurePreservesAPIErrorWithoutRetryingCredential" classname="com.clerk.api.PasskeyRegistrationFailureTest" time="0.155" />
  </testsuite>
</testsuites>
