<?xml version='1.0' encoding='UTF-8' ?>
<testsuites tests="6" failures="0" errors="0" skipped="0" time="0.000" timestamp="2026-09-11T00:37:52" hostname="localhost">
  <testsuite name="com.clerk.api.SignInCredentialContractTest" tests="6" failures="0" errors="0" skipped="0" time="1.270" timestamp="2026-09-11T00:37:52" hostname="localhost">
    <properties>
      <property name="device" value="emulator-5554" />
    </properties>
    <testcase name="passkeyProviderFailureDoesNotSubmitCredential" classname="com.clerk.api.SignInCredentialContractTest" time="0.239" />
    <testcase name="passkeyPreparationPreservesFailureStage" classname="com.clerk.api.SignInCredentialContractTest" time="0.184" />
    <testcase name="cancelledPasskeyDoesNotSubmitCredential" classname="com.clerk.api.SignInCredentialContractTest" time="0.190" />
    <testcase name="biometricSignInForwardsSelectionAndPrompt" classname="com.clerk.api.SignInCredentialContractTest" time="0.307" />
    <testcase name="passkeySubmissionPreservesFailureStage" classname="com.clerk.api.SignInCredentialContractTest" time="0.170" />
    <testcase name="passkeyForwardsOptionsAndRequiresFinalization" classname="com.clerk.api.SignInCredentialContractTest" time="0.180" />
  </testsuite>
</testsuites>
