<?xml version='1.0' encoding='UTF-8' ?>
<testsuites tests="7" failures="1" errors="0" skipped="0" time="0.000" timestamp="2026-09-10T21:25:52" hostname="localhost">
  <testsuite name="com.clerk.api.BrowserActivityLifecycleTest" tests="7" failures="1" errors="0" skipped="0" time="2.056" timestamp="2026-09-10T21:25:52" hostname="localhost">
    <properties>
      <property name="device" value="emulator-5554" />
    </properties>
    <testcase name="immediateSecondAuthorizationIsPresentedAfterFirstCallback" classname="com.clerk.api.BrowserActivityLifecycleTest" time="0.543" />
    <testcase name="unrelatedCallbackCannotCompleteOrCancelPendingAuthorization" classname="com.clerk.api.BrowserActivityLifecycleTest" time="0.445">
      <failure>java.lang.AssertionError: Activity sequence: [CoreBrowserActivity:PRE_ON_CREATE data=null pending=599bbf1c-5fdf-4573-9fe6-6cd527f8fac7, CoreBrowserActivity:CREATED data=null pending=599bbf1c-5fdf-4573-9fe6-6cd527f8fac7, CoreBrowserActivity:STARTED data=null pending=599bbf1c-5fdf-4573-9fe6-6cd527f8fac7, start null https://provider.example/first, CoreBrowserActivity:RESUMED data=null pending=599bbf1c-5fdf-4573-9fe6-6cd527f8fac7, CoreBrowserActivity:PAUSED data=null pending=599bbf1c-5fdf-4573-9fe6-6cd527f8fac7, CoreBrowserActivity:STOPPED data=null pending=599bbf1c-5fdf-4573-9fe6-6cd527f8fac7, deliver https://attacker.example/fake-sign-in, Starting: Intent { act=android.intent.action.VIEW dat=https://attacker.example/... cmp=com.clerk.sdk.test/com.clerk.api.CoreBrowserCallbackActivity } , CoreBrowserCallbackActivity:PRE_ON_CREATE data=https://attacker.example/fake-sign-in pending=599bbf1c-5fdf-4573-9fe6-6cd527f8fac7, CoreBrowserCallbackActivity:CREATED data=https://attacker.example/fake-sign-in pending=599bbf1c-5fdf-4573-9fe6-6cd527f8fac7, CoreBrowserActivity:RESTARTED data=null pending=599bbf1c-5fdf-4573-9fe6-6cd527f8fac7, CoreBrowserActivity:STARTED data=null pending=599bbf1c-5fdf-4573-9fe6-6cd527f8fac7, CoreBrowserActivity:RESUMED data=null pending=null, CoreBrowserActivity:PAUSED data=null pending=null, CoreBrowserCallbackActivity:DESTROYED data=https://attacker.example/fake-sign-in pending=null, CoreBrowserActivity:STOPPED data=null pending=null, CoreBrowserActivity:DESTROYED data=null pending=null]
	at com.clerk.api.BrowserActivityLifecycleTest$fixture$1$1.invokeSuspend(BrowserActivityLifecycleTest.kt:174)
	at kotlin.coroutines.jvm.internal.BaseContinuationImpl.resumeWith(ContinuationImpl.kt:34)
	at kotlinx.coroutines.internal.ScopeCoroutine.afterResume(Scopes.kt:35)
	at kotlinx.coroutines.AbstractCoroutine.resumeWith(AbstractCoroutine.kt:101)
	at kotlin.coroutines.jvm.internal.BaseContinuationImpl.resumeWith(ContinuationImpl.kt:47)
	at kotlinx.coroutines.DispatchedTask.run(DispatchedTask.kt:100)
	at kotlinx.coroutines.EventLoopImplBase.processNextEvent(EventLoop.common.kt:256)
	at kotlinx.coroutines.BlockingCoroutine.joinBlocking(Builders.kt:54)
	at kotlinx.coroutines.BuildersKt__BuildersKt.runBlockingImpl(Builders.kt:30)
	at kotlinx.coroutines.BuildersKt.runBlockingImpl(Unknown Source:1)
	at kotlinx.coroutines.BuildersKt__Builders_concurrentKt.runBlockingK(Builders.concurrent.kt:172)
	at kotlinx.coroutines.BuildersKt.runBlockingK(Unknown Source:1)
	at kotlinx.coroutines.BuildersKt__Builders_concurrentKt.runBlockingK$default(Builders.concurrent.kt:157)
	at kotlinx.coroutines.BuildersKt.runBlockingK$default(Unknown Source:1)
	at com.clerk.api.BrowserActivityLifecycleTest.fixture(BrowserActivityLifecycleTest.kt:168)
	at com.clerk.api.BrowserActivityLifecycleTest.unrelatedCallbackCannotCompleteOrCancelPendingAuthorization(BrowserActivityLifecycleTest.kt:149)
	... 32 trimmed
Caused by: java.lang.IllegalStateException: Unrelated receiver launch cancelled or replaced the pending presentation
	at com.clerk.api.BrowserActivityLifecycleTest$unrelatedCallbackCannotCompleteOrCancelPendingAuthorization$1.invokeSuspend(BrowserActivityLifecycleTest.kt:155)
	... 48 more
</failure>
    </testcase>
    <testcase name="resumedManagerTreatsBrowserDismissalAsCancellation" classname="com.clerk.api.BrowserActivityLifecycleTest" time="0.155" />
    <testcase name="actualReceiverDeliversCallbackToTheRunningManager" classname="com.clerk.api.BrowserActivityLifecycleTest" time="0.633" />
    <testcase name="browserCallbackSurvivesDeviceRotation" classname="com.clerk.api.BrowserActivityLifecycleTest" time="0.246" />
    <testcase name="manifestExposesOnlyTheCurrentDefaultCallbackRoute" classname="com.clerk.api.BrowserActivityLifecycleTest" time="0.003" />
    <testcase name="unrelatedCallbackCannotCreateAnIdleBrowserPresentation" classname="com.clerk.api.BrowserActivityLifecycleTest" time="0.031" />
  </testsuite>
</testsuites>
