<?xml version='1.0' encoding='UTF-8' ?>
<testsuites tests="3" failures="0" errors="0" skipped="0" time="0.000" timestamp="2026-09-10T17:58:22" hostname="localhost">
  <testsuite name="com.clerk.api.TokenFreshnessContractTest" tests="3" failures="0" errors="0" skipped="0" time="0.685" timestamp="2026-09-10T17:58:22" hostname="localhost">
    <properties>
      <property name="device" value="emulator-5554" />
    </properties>
    <testcase name="staleResponseBeforeFreshKeepsCanonicalToken" classname="com.clerk.api.TokenFreshnessContractTest" time="0.269" />
    <testcase name="freshResponseBeforeStaleKeepsCanonicalToken" classname="com.clerk.api.TokenFreshnessContractTest" time="0.211" />
    <testcase name="equalOriginUsesIssuedAtDespiteResponseOrder" classname="com.clerk.api.TokenFreshnessContractTest" time="0.205" />
  </testsuite>
</testsuites>
