<?xml version='1.0' encoding='UTF-8' ?>
<testsuites tests="3" failures="0" errors="0" skipped="0" time="0.000" timestamp="2026-09-11T00:08:28" hostname="localhost">
  <testsuite name="com.clerk.ui.auth.AuthViewJourneyTest" tests="3" failures="0" errors="0" skipped="0" time="7.653" timestamp="2026-09-11T00:08:28" hostname="localhost">
    <properties>
      <property name="device" value="emulator-5554" />
    </properties>
    <testcase name="automaticPasskeyPreparationFailureIsVisibleAndEmailSignInCompletes" classname="com.clerk.ui.auth.AuthViewJourneyTest" time="3.834" />
    <testcase name="emailCodeErrorCanBeRetriedAndPrebuiltFlowFinalizesExactlyOnce" classname="com.clerk.ui.auth.AuthViewJourneyTest" time="1.980" />
    <testcase name="disabledPasskeyDoesNotPrepareAndEmailSignInCompletes" classname="com.clerk.ui.auth.AuthViewJourneyTest" time="1.839" />
  </testsuite>
</testsuites>
