<?xml version="1.0" encoding="UTF-8"?>
<testsuite name="com.clerk.api.AndroidNetworkTest" tests="13" skipped="0" failures="0" errors="0" timestamp="2026-09-10T23:39:00.832Z" hostname="mac.lan" time="4.551">
  <properties/>
  <testcase name="subscriptionsHaveIndependentCallbacksAndCleanup[24]" classname="com.clerk.api.AndroidNetworkTest" time="0.869"/>
  <testcase name="registrationFailureLeavesRequestsEligibleInsteadOfPermanentlyOffline[24]" classname="com.clerk.api.AndroidNetworkTest" time="0.012"/>
  <testcase name="olderAndroidAvailabilityRestoresEligibilityWithoutCapabilityChange[24]" classname="com.clerk.api.AndroidNetworkTest" time="0.01"/>
  <testcase name="handoverIgnoresLateEventsFromTheReplacedDefaultNetwork[24]" classname="com.clerk.api.AndroidNetworkTest" time="0.009"/>
  <testcase name="initialStateRequiresBothInternetAndValidation[24]" classname="com.clerk.api.AndroidNetworkTest" time="0.008"/>
  <testcase name="currentNetworkCapabilityChangesUseTheDeliveredCapabilities[24]" classname="com.clerk.api.AndroidNetworkTest" time="0.007"/>
  <testcase name="subscriptionsHaveIndependentCallbacksAndCleanup" classname="com.clerk.api.AndroidNetworkTest" time="2.876"/>
  <testcase name="registrationFailureLeavesRequestsEligibleInsteadOfPermanentlyOffline" classname="com.clerk.api.AndroidNetworkTest" time="0.007"/>
  <testcase name="handoverIgnoresLateEventsFromTheReplacedDefaultNetwork" classname="com.clerk.api.AndroidNetworkTest" time="0.006"/>
  <testcase name="initialStateRequiresBothInternetAndValidation" classname="com.clerk.api.AndroidNetworkTest" time="0.007"/>
  <testcase name="currentNetworkCapabilityChangesUseTheDeliveredCapabilities" classname="com.clerk.api.AndroidNetworkTest" time="0.005"/>
  <testcase name="initiallyOfflineWaitsForValidatedAvailabilityAndReportsLoss" classname="com.clerk.api.AndroidNetworkTest" time="0.006"/>
  <testcase name="olderAndroidAvailabilityRestoresEligibilityWithoutCapabilityChange" classname="com.clerk.api.AndroidNetworkTest" time="0.574"/>
  <system-out><![CDATA[]]></system-out>
  <system-err><![CDATA[]]></system-err>
</testsuite>
