<?xml version='1.0' encoding='UTF-8' ?>
<testsuites tests="9" failures="0" errors="0" skipped="0" time="0.000" timestamp="2026-09-10T18:24:53" hostname="localhost">
  <testsuite name="com.clerk.api.GoogleIdentityContractTest" tests="9" failures="0" errors="0" skipped="0" time="1.781" timestamp="2026-09-10T18:24:53" hostname="localhost">
    <properties>
      <property name="device" value="emulator-5554" />
    </properties>
    <testcase name="emptyPickerFallsBackToBrowser" classname="com.clerk.api.GoogleIdentityContractTest" time="0.323" />
    <testcase name="blankIdentityTokenDoesNotAuthenticate" classname="com.clerk.api.GoogleIdentityContractTest" time="0.154" />
    <testcase name="missingAccountCreatesSignupWithMetadata" classname="com.clerk.api.GoogleIdentityContractTest" time="0.257" />
    <testcase name="resetIgnoresLateIdentityToken" classname="com.clerk.api.GoogleIdentityContractTest" time="0.175" />
    <testcase name="existingAccountRequiresFinalization" classname="com.clerk.api.GoogleIdentityContractTest" time="0.232" />
    <testcase name="failedSignupPreservesStructuredError" classname="com.clerk.api.GoogleIdentityContractTest" time="0.172" />
    <testcase name="cancelledPickerDoesNotOpenBrowser" classname="com.clerk.api.GoogleIdentityContractTest" time="0.148" />
    <testcase name="rejectedIdentityDoesNotOpenBrowser" classname="com.clerk.api.GoogleIdentityContractTest" time="0.159" />
    <testcase name="signInOnlyDoesNotCreateAccount" classname="com.clerk.api.GoogleIdentityContractTest" time="0.161" />
  </testsuite>
</testsuites>
