<?xml version='1.0' encoding='UTF-8' ?>
<testsuites tests="16" failures="0" errors="0" skipped="0" time="0.000" timestamp="2026-09-11T00:49:44" hostname="localhost">
  <testsuite name="com.clerk.api.BrowserSSOContractTest" tests="16" failures="0" errors="0" skipped="0" time="2.563" timestamp="2026-09-11T00:49:44" hostname="localhost">
    <properties>
      <property name="device" value="emulator-5554" />
    </properties>
    <testcase name="signInUsesGoogleBrowserStrategyAndConfiguredCallback" classname="com.clerk.api.BrowserSSOContractTest" time="0.221" />
    <testcase name="rejectedPreparationPreservesStructuredError" classname="com.clerk.api.BrowserSSOContractTest" time="0.144" />
    <testcase name="disabledBrowserTransferDoesNotCreateSignUp" classname="com.clerk.api.BrowserSSOContractTest" time="0.169" />
    <testcase name="cancelledSignUpDoesNotReconcileOrActivate" classname="com.clerk.api.BrowserSSOContractTest" time="0.159" />
    <testcase name="signUpPreservesMetadataAndBrowserStrategy" classname="com.clerk.api.BrowserSSOContractTest" time="0.151" />
    <testcase name="enterpriseSignInPreparesConnectionBeforeOpeningBrowser" classname="com.clerk.api.BrowserSSOContractTest" time="0.159" />
    <testcase name="unrelatedCallbackDoesNotSubmitNonce" classname="com.clerk.api.BrowserSSOContractTest" time="0.141" />
    <testcase name="signUpTransportFailureDoesNotBecomeSuccess" classname="com.clerk.api.BrowserSSOContractTest" time="0.129" />
    <testcase name="enterpriseSignInRefreshesPreparedRedirectOnExistingAttempt" classname="com.clerk.api.BrowserSSOContractTest" time="0.178" />
    <testcase name="oauthRetryDoesNotReplayStalePreparedRedirect" classname="com.clerk.api.BrowserSSOContractTest" time="0.184" />
    <testcase name="cancelledSignInDoesNotReconcileOrActivate" classname="com.clerk.api.BrowserSSOContractTest" time="0.142" />
    <testcase name="signInTransportFailureDoesNotBecomeSuccess" classname="com.clerk.api.BrowserSSOContractTest" time="0.142" />
    <testcase name="signUpPreservesCustomProviderStrategy" classname="com.clerk.api.BrowserSSOContractTest" time="0.157" />
    <testcase name="signInPreservesCustomProviderStrategy" classname="com.clerk.api.BrowserSSOContractTest" time="0.161" />
    <testcase name="missingRedirectLeavesAnIncompleteAttemptWithoutOpeningBrowser" classname="com.clerk.api.BrowserSSOContractTest" time="0.145" />
    <testcase name="browserTransferCreatesSignUpWithMetadataWithoutSecondPrompt" classname="com.clerk.api.BrowserSSOContractTest" time="0.181" />
  </testsuite>
</testsuites>
