<?xml version='1.0' encoding='UTF-8' ?>
<testsuites tests="2" failures="0" errors="0" skipped="0" time="0.000" timestamp="2026-09-11T00:50:08" hostname="localhost">
  <testsuite name="com.clerk.api.PasskeyRegistrationTest" tests="2" failures="0" errors="0" skipped="0" time="0.348" timestamp="2026-09-11T00:50:08" hostname="localhost">
    <properties>
      <property name="device" value="emulator-5554" />
    </properties>
    <testcase name="cancellationDoesNotSubmitCredential" classname="com.clerk.api.PasskeyRegistrationTest" time="0.176" />
    <testcase name="registrationSupportsRenameAndDeletionReceipt" classname="com.clerk.api.PasskeyRegistrationTest" time="0.172" />
  </testsuite>
</testsuites>
