<?xml version="1.0" encoding="UTF-8"?>
<testsuite name="com.clerk.ui.auth.PasskeyAvailabilityTest" tests="5" skipped="0" failures="0" errors="0" timestamp="2026-09-10T23:40:23.337Z" hostname="mac.lan" time="0.075">
  <properties/>
  <testcase name="registrationOnlyPasskeyDoesNotStartAuthentication" classname="com.clerk.ui.auth.PasskeyAvailabilityTest" time="0.064"/>
  <testcase name="missingPasskeyDoesNotStartAuthentication" classname="com.clerk.ui.auth.PasskeyAvailabilityTest" time="0.003"/>
  <testcase name="disabledAutofillDoesNotStartAutomaticPasskey" classname="com.clerk.ui.auth.PasskeyAvailabilityTest" time="0.003"/>
  <testcase name="disabledPasskeyDoesNotStartAuthentication" classname="com.clerk.ui.auth.PasskeyAvailabilityTest" time="0.001"/>
  <testcase name="enabledFirstFactorPermitsAutomaticPasskey" classname="com.clerk.ui.auth.PasskeyAvailabilityTest" time="0.002"/>
  <system-out><![CDATA[]]></system-out>
  <system-err><![CDATA[]]></system-err>
</testsuite>
