<?xml version="1.0" encoding="UTF-8"?>
<testsuite name="com.clerk.api.AndroidPasskeyHostTest" tests="14" skipped="0" failures="0" errors="0" timestamp="2026-09-10T23:17:10.898Z" hostname="ip-172-31-64-123" time="4.733">
  <properties/>
  <testcase name="platformCancellationIsReportedAsUserCancelled[28]" classname="com.clerk.api.AndroidPasskeyHostTest" time="1.15"/>
  <testcase name="credentialTypeMismatchFailsWithoutRetrying[28]" classname="com.clerk.api.AndroidPasskeyHostTest" time="0.059"/>
  <testcase name="requestsPreserveWebAuthnOptionsAndReturnPublicKeyResponses[28]" classname="com.clerk.api.AndroidPasskeyHostTest" time="0.06"/>
  <testcase name="callerCancellationCancelsSystemRequestAndIgnoresLateReply[28]" classname="com.clerk.api.AndroidPasskeyHostTest" time="0.061"/>
  <testcase name="unsupportedOptionsFailBeforeCredentialRequest[28]" classname="com.clerk.api.AndroidPasskeyHostTest" time="0.045"/>
  <testcase name="missingAndFinishedActivitiesFailBeforeCredentialRequest[28]" classname="com.clerk.api.AndroidPasskeyHostTest" time="0.041"/>
  <testcase name="providerFailuresPropagateWithoutRetry[28]" classname="com.clerk.api.AndroidPasskeyHostTest" time="0.043"/>
  <testcase name="platformCancellationIsReportedAsUserCancelled" classname="com.clerk.api.AndroidPasskeyHostTest" time="2.144"/>
  <testcase name="credentialTypeMismatchFailsWithoutRetrying" classname="com.clerk.api.AndroidPasskeyHostTest" time="0.071"/>
  <testcase name="requestsPreserveWebAuthnOptionsAndReturnPublicKeyResponses" classname="com.clerk.api.AndroidPasskeyHostTest" time="0.054"/>
  <testcase name="callerCancellationCancelsSystemRequestAndIgnoresLateReply" classname="com.clerk.api.AndroidPasskeyHostTest" time="0.06"/>
  <testcase name="unsupportedOptionsFailBeforeCredentialRequest" classname="com.clerk.api.AndroidPasskeyHostTest" time="0.066"/>
  <testcase name="missingAndFinishedActivitiesFailBeforeCredentialRequest" classname="com.clerk.api.AndroidPasskeyHostTest" time="0.047"/>
  <testcase name="providerFailuresPropagateWithoutRetry" classname="com.clerk.api.AndroidPasskeyHostTest" time="0.047"/>
  <system-out><![CDATA[]]></system-out>
  <system-err><![CDATA[]]></system-err>
</testsuite>
