<?xml version='1.0' encoding='UTF-8' ?>
<testsuites tests="1" failures="0" errors="0" skipped="0" time="0.000" timestamp="2026-09-10T18:06:52" hostname="localhost">
  <testsuite name="com.clerk.api.PlatformCapabilityTest" tests="1" failures="0" errors="0" skipped="0" time="0.009" timestamp="2026-09-10T18:06:52" hostname="localhost">
    <properties>
      <property name="device" value="emulator-5554" />
    </properties>
    <testcase name="supportedPlatformAdvertisesPasskeysAndPackagesBiometricPermission" classname="com.clerk.api.PlatformCapabilityTest" time="0.009" />
  </testsuite>
</testsuites>
