<?xml version='1.0' encoding='UTF-8' ?>
<testsuites tests="3" failures="0" errors="0" skipped="0" time="0.000" timestamp="2026-09-10T23:48:23" hostname="localhost">
  <testsuite name="com.clerk.ui.auth.AuthViewJourneyTest" tests="3" failures="0" errors="0" skipped="0" time="9.136" timestamp="2026-09-10T23:48:23" hostname="localhost">
    <properties>
      <property name="device" value="emulator-5554" />
    </properties>
    <testcase name="automaticPasskeyPreparationFailureIsVisibleAndEmailSignInCompletes" classname="com.clerk.ui.auth.AuthViewJourneyTest" time="4.788" />
    <testcase name="emailCodeErrorCanBeRetriedAndPrebuiltFlowFinalizesExactlyOnce" classname="com.clerk.ui.auth.AuthViewJourneyTest" time="2.279" />
    <testcase name="disabledPasskeyDoesNotPrepareAndEmailSignInCompletes" classname="com.clerk.ui.auth.AuthViewJourneyTest" time="2.069" />
  </testsuite>
</testsuites>
