<?xml version='1.0' encoding='UTF-8' ?>
<testsuites tests="14" failures="0" errors="0" skipped="0" time="0.000" timestamp="2026-09-10T23:45:59" hostname="localhost">
  <testsuite name="com.clerk.api.EnvironmentSettingsTest" tests="14" failures="0" errors="0" skipped="0" time="3.177" timestamp="2026-09-10T23:45:59" hostname="localhost">
    <properties>
      <property name="device" value="emulator-5554" />
    </properties>
    <testcase name="organizationNullChildrenUseDefaults" classname="com.clerk.api.EnvironmentSettingsTest" time="0.237" />
    <testcase name="firstFactorPasskeyPreserved" classname="com.clerk.api.EnvironmentSettingsTest" time="0.219" />
    <testcase name="sessionMinterEnabled" classname="com.clerk.api.EnvironmentSettingsTest" time="0.223" />
    <testcase name="organizationDefaults" classname="com.clerk.api.EnvironmentSettingsTest" time="0.186" />
    <testcase name="immutableFalsePreservesFactorSettings" classname="com.clerk.api.EnvironmentSettingsTest" time="0.300" />
    <testcase name="immutableTruePreservesFactorSettings" classname="com.clerk.api.EnvironmentSettingsTest" time="0.253" />
    <testcase name="sessionMinterOmittedDefaultsFalse" classname="com.clerk.api.EnvironmentSettingsTest" time="0.287" />
    <testcase name="completeOrganizationSettings" classname="com.clerk.api.EnvironmentSettingsTest" time="0.342" />
    <testcase name="immutableOmittedPreservesFactorSettings" classname="com.clerk.api.EnvironmentSettingsTest" time="0.209" />
    <testcase name="registrationOnlyPasskeyPreserved" classname="com.clerk.api.EnvironmentSettingsTest" time="0.167" />
    <testcase name="developmentWarningOmittedDefaultsFalse" classname="com.clerk.api.EnvironmentSettingsTest" time="0.156" />
    <testcase name="supportEmailPreserved" classname="com.clerk.api.EnvironmentSettingsTest" time="0.185" />
    <testcase name="disabledPasskeyPreserved" classname="com.clerk.api.EnvironmentSettingsTest" time="0.209" />
    <testcase name="developmentWarningEnabled" classname="com.clerk.api.EnvironmentSettingsTest" time="0.204" />
  </testsuite>
</testsuites>
