<?xml version='1.0' encoding='UTF-8' ?>
<testsuites tests="16" failures="0" errors="0" skipped="0" time="0.000" timestamp="2026-09-10T20:19:25" hostname="localhost">
  <testsuite name="com.clerk.api.BrowserSSOContractTest" tests="16" failures="0" errors="0" skipped="0" time="2.549" timestamp="2026-09-10T20:19:25" hostname="localhost">
    <properties>
      <property name="device" value="emulator-5554" />
    </properties>
    <testcase name="signInUsesGoogleBrowserStrategyAndConfiguredCallback" classname="com.clerk.api.BrowserSSOContractTest" time="0.220" />
    <testcase name="rejectedPreparationPreservesStructuredError" classname="com.clerk.api.BrowserSSOContractTest" time="0.139" />
    <testcase name="disabledBrowserTransferDoesNotCreateSignUp" classname="com.clerk.api.BrowserSSOContractTest" time="0.158" />
    <testcase name="cancelledSignUpDoesNotReconcileOrActivate" classname="com.clerk.api.BrowserSSOContractTest" time="0.148" />
    <testcase name="signUpPreservesMetadataAndBrowserStrategy" classname="com.clerk.api.BrowserSSOContractTest" time="0.155" />
    <testcase name="enterpriseSignInPreparesConnectionBeforeOpeningBrowser" classname="com.clerk.api.BrowserSSOContractTest" time="0.169" />
    <testcase name="unrelatedCallbackDoesNotSubmitNonce" classname="com.clerk.api.BrowserSSOContractTest" time="0.141" />
    <testcase name="signUpTransportFailureDoesNotBecomeSuccess" classname="com.clerk.api.BrowserSSOContractTest" time="0.135" />
    <testcase name="enterpriseSignInRefreshesPreparedRedirectOnExistingAttempt" classname="com.clerk.api.BrowserSSOContractTest" time="0.178" />
    <testcase name="oauthRetryDoesNotReplayStalePreparedRedirect" classname="com.clerk.api.BrowserSSOContractTest" time="0.182" />
    <testcase name="cancelledSignInDoesNotReconcileOrActivate" classname="com.clerk.api.BrowserSSOContractTest" time="0.145" />
    <testcase name="signInTransportFailureDoesNotBecomeSuccess" classname="com.clerk.api.BrowserSSOContractTest" time="0.143" />
    <testcase name="signUpPreservesCustomProviderStrategy" classname="com.clerk.api.BrowserSSOContractTest" time="0.158" />
    <testcase name="signInPreservesCustomProviderStrategy" classname="com.clerk.api.BrowserSSOContractTest" time="0.159" />
    <testcase name="missingRedirectLeavesAnIncompleteAttemptWithoutOpeningBrowser" classname="com.clerk.api.BrowserSSOContractTest" time="0.141" />
    <testcase name="browserTransferCreatesSignUpWithMetadataWithoutSecondPrompt" classname="com.clerk.api.BrowserSSOContractTest" time="0.178" />
  </testsuite>
</testsuites>
