<?xml version='1.0' encoding='UTF-8' ?>
<testsuites tests="4" failures="0" errors="0" skipped="0" time="0.000" timestamp="2026-09-10T18:34:11" hostname="localhost">
  <testsuite name="com.clerk.api.AuthEntryPointTest" tests="4" failures="0" errors="0" skipped="0" time="2.254" timestamp="2026-09-10T18:34:11" hostname="localhost">
    <properties>
      <property name="device" value="emulator-5554" />
    </properties>
    <testcase name="phoneCodeUsesExplicitPreparation" classname="com.clerk.api.AuthEntryPointTest" time="0.880" />
    <testcase name="emailCodeUsesExplicitPreparation" classname="com.clerk.api.AuthEntryPointTest" time="0.641" />
    <testcase name="unrelatedAndOAuthCallbacksAreNotRedeemedAsEmailLinks" classname="com.clerk.api.AuthEntryPointTest" time="0.308" />
    <testcase name="signupPreservesNestedMetadata" classname="com.clerk.api.AuthEntryPointTest" time="0.425" />
  </testsuite>
</testsuites>
