<?xml version='1.0' encoding='UTF-8' ?>
<testsuites tests="9" failures="0" errors="0" skipped="0" time="0.000" timestamp="2026-09-10T18:34:03" hostname="localhost">
  <testsuite name="com.clerk.api.GoogleIdentityContractTest" tests="9" failures="0" errors="0" skipped="0" time="4.624" timestamp="2026-09-10T18:34:03" hostname="localhost">
    <properties>
      <property name="device" value="emulator-5554" />
    </properties>
    <testcase name="emptyPickerFallsBackToBrowser" classname="com.clerk.api.GoogleIdentityContractTest" time="1.772" />
    <testcase name="blankIdentityTokenDoesNotAuthenticate" classname="com.clerk.api.GoogleIdentityContractTest" time="0.334" />
    <testcase name="missingAccountCreatesSignupWithMetadata" classname="com.clerk.api.GoogleIdentityContractTest" time="0.487" />
    <testcase name="resetIgnoresLateIdentityToken" classname="com.clerk.api.GoogleIdentityContractTest" time="0.291" />
    <testcase name="existingAccountRequiresFinalization" classname="com.clerk.api.GoogleIdentityContractTest" time="0.440" />
    <testcase name="failedSignupPreservesStructuredError" classname="com.clerk.api.GoogleIdentityContractTest" time="0.427" />
    <testcase name="cancelledPickerDoesNotOpenBrowser" classname="com.clerk.api.GoogleIdentityContractTest" time="0.249" />
    <testcase name="rejectedIdentityDoesNotOpenBrowser" classname="com.clerk.api.GoogleIdentityContractTest" time="0.309" />
    <testcase name="signInOnlyDoesNotCreateAccount" classname="com.clerk.api.GoogleIdentityContractTest" time="0.315" />
  </testsuite>
</testsuites>
