<?xml version='1.0' encoding='UTF-8' ?>
<testsuites tests="7" failures="0" errors="0" skipped="0" time="0.000" timestamp="2026-09-10T22:24:52" hostname="localhost">
  <testsuite name="com.clerk.api.SignOutContractTest" tests="7" failures="0" errors="0" skipped="0" time="2.513" timestamp="2026-09-10T22:24:52" hostname="localhost">
    <properties>
      <property name="device" value="emulator-5554" />
    </properties>
    <testcase name="blankBearerAuthorizationClearsStoredClientCredential" classname="com.clerk.api.SignOutContractTest" time="0.696" />
    <testcase name="networkFailureIsNotReplayedOrReportedAsSuccess" classname="com.clerk.api.SignOutContractTest" time="0.484" />
    <testcase name="scopedSignOutPreservesOtherSelectedSession" classname="com.clerk.api.SignOutContractTest" time="0.365" />
    <testcase name="rejectedSignOutClearsSelectionButPreservesKnownServerSessions" classname="com.clerk.api.SignOutContractTest" time="0.249" />
    <testcase name="noSessionSignOutDoesNotRequestOrEraseClientCredential" classname="com.clerk.api.SignOutContractTest" time="0.212" />
    <testcase name="scopedRejectionPreservesOtherSelectedSession" classname="com.clerk.api.SignOutContractTest" time="0.241" />
    <testcase name="successfulSignOutUsesServerClientWithoutRefresh" classname="com.clerk.api.SignOutContractTest" time="0.266" />
  </testsuite>
</testsuites>
