<?xml version="1.0" encoding="UTF-8"?>
<testsuite name="com.clerk.api.AndroidPasskeyHostTest" tests="14" skipped="0" failures="0" errors="0" timestamp="2026-09-10T23:08:04.770Z" hostname="mac.lan" time="3.909">
  <properties/>
  <testcase name="platformCancellationIsReportedAsUserCancelled[28]" classname="com.clerk.api.AndroidPasskeyHostTest" time="1.156"/>
  <testcase name="credentialTypeMismatchFailsWithoutRetrying[28]" classname="com.clerk.api.AndroidPasskeyHostTest" time="0.031"/>
  <testcase name="requestsPreserveWebAuthnOptionsAndReturnPublicKeyResponses[28]" classname="com.clerk.api.AndroidPasskeyHostTest" time="0.023"/>
  <testcase name="callerCancellationCancelsSystemRequestAndIgnoresLateReply[28]" classname="com.clerk.api.AndroidPasskeyHostTest" time="0.02"/>
  <testcase name="unsupportedOptionsFailBeforeCredentialRequest[28]" classname="com.clerk.api.AndroidPasskeyHostTest" time="0.016"/>
  <testcase name="missingAndFinishedActivitiesFailBeforeCredentialRequest[28]" classname="com.clerk.api.AndroidPasskeyHostTest" time="0.019"/>
  <testcase name="providerFailuresPropagateWithoutRetry[28]" classname="com.clerk.api.AndroidPasskeyHostTest" time="0.019"/>
  <testcase name="platformCancellationIsReportedAsUserCancelled" classname="com.clerk.api.AndroidPasskeyHostTest" time="2.414"/>
  <testcase name="credentialTypeMismatchFailsWithoutRetrying" classname="com.clerk.api.AndroidPasskeyHostTest" time="0.033"/>
  <testcase name="requestsPreserveWebAuthnOptionsAndReturnPublicKeyResponses" classname="com.clerk.api.AndroidPasskeyHostTest" time="0.029"/>
  <testcase name="callerCancellationCancelsSystemRequestAndIgnoresLateReply" classname="com.clerk.api.AndroidPasskeyHostTest" time="0.026"/>
  <testcase name="unsupportedOptionsFailBeforeCredentialRequest" classname="com.clerk.api.AndroidPasskeyHostTest" time="0.022"/>
  <testcase name="missingAndFinishedActivitiesFailBeforeCredentialRequest" classname="com.clerk.api.AndroidPasskeyHostTest" time="0.022"/>
  <testcase name="providerFailuresPropagateWithoutRetry" classname="com.clerk.api.AndroidPasskeyHostTest" time="0.031"/>
  <system-out><![CDATA[]]></system-out>
  <system-err><![CDATA[]]></system-err>
</testsuite>
