<?xml version='1.0' encoding='UTF-8' ?>
<testsuites tests="16" failures="0" errors="0" skipped="0" time="0.000" timestamp="2026-09-10T19:41:48" hostname="localhost">
  <testsuite name="com.clerk.api.GoogleIdentityContractTest" tests="16" failures="0" errors="0" skipped="0" time="13.040" timestamp="2026-09-10T19:41:48" hostname="localhost">
    <properties>
      <property name="device" value="emulator-5554" />
    </properties>
    <testcase name="unavailableNativeProviderDoesNotFallback" classname="com.clerk.api.GoogleIdentityContractTest" time="1.099" />
    <testcase name="emptyPickerFallsBackToBrowser" classname="com.clerk.api.GoogleIdentityContractTest" time="1.303" />
    <testcase name="blankIdentityTokenDoesNotAuthenticate" classname="com.clerk.api.GoogleIdentityContractTest" time="0.476" />
    <testcase name="missingAccountCreatesSignupWithMetadata" classname="com.clerk.api.GoogleIdentityContractTest" time="0.979" />
    <testcase name="signupEntryTransfersExistingAccountToSignIn" classname="com.clerk.api.GoogleIdentityContractTest" time="1.036" />
    <testcase name="resetIgnoresLateIdentityToken" classname="com.clerk.api.GoogleIdentityContractTest" time="0.668" />
    <testcase name="existingAccountRequiresFinalization" classname="com.clerk.api.GoogleIdentityContractTest" time="0.541" />
    <testcase name="unknownNativeCredentialFailureDoesNotFallback" classname="com.clerk.api.GoogleIdentityContractTest" time="0.904" />
    <testcase name="failedSignupPreservesStructuredError" classname="com.clerk.api.GoogleIdentityContractTest" time="0.605" />
    <testcase name="transferableStatusWithoutAccountExistsErrorDoesNotTransfer" classname="com.clerk.api.GoogleIdentityContractTest" time="0.580" />
    <testcase name="cancelledPickerDoesNotOpenBrowser" classname="com.clerk.api.GoogleIdentityContractTest" time="0.964" />
    <testcase name="unsupportedNativeCredentialDoesNotAuthenticate" classname="com.clerk.api.GoogleIdentityContractTest" time="0.823" />
    <testcase name="malformedNativeCredentialDoesNotAuthenticate" classname="com.clerk.api.GoogleIdentityContractTest" time="0.475" />
    <testcase name="rejectedIdentityDoesNotOpenBrowser" classname="com.clerk.api.GoogleIdentityContractTest" time="0.348" />
    <testcase name="transferableSignupReturnsToSignInWithOneIdentityPrompt" classname="com.clerk.api.GoogleIdentityContractTest" time="1.730" />
    <testcase name="signInOnlyDoesNotCreateAccount" classname="com.clerk.api.GoogleIdentityContractTest" time="0.509" />
  </testsuite>
</testsuites>
