<?xml version="1.0" encoding="UTF-8"?>
<testsuite name="com.clerk.api.AndroidNetworkTest" tests="13" skipped="0" failures="0" errors="0" timestamp="2026-09-10T21:58:26.402Z" hostname="ip-172-31-64-123" time="5.848">
  <properties/>
  <testcase name="subscriptionsHaveIndependentCallbacksAndCleanup[24]" classname="com.clerk.api.AndroidNetworkTest" time="0.777"/>
  <testcase name="registrationFailureLeavesRequestsEligibleInsteadOfPermanentlyOffline[24]" classname="com.clerk.api.AndroidNetworkTest" time="0.019"/>
  <testcase name="olderAndroidAvailabilityRestoresEligibilityWithoutCapabilityChange[24]" classname="com.clerk.api.AndroidNetworkTest" time="0.018"/>
  <testcase name="handoverIgnoresLateEventsFromTheReplacedDefaultNetwork[24]" classname="com.clerk.api.AndroidNetworkTest" time="0.015"/>
  <testcase name="initialStateRequiresBothInternetAndValidation[24]" classname="com.clerk.api.AndroidNetworkTest" time="0.021"/>
  <testcase name="currentNetworkCapabilityChangesUseTheDeliveredCapabilities[24]" classname="com.clerk.api.AndroidNetworkTest" time="0.014"/>
  <testcase name="subscriptionsHaveIndependentCallbacksAndCleanup" classname="com.clerk.api.AndroidNetworkTest" time="1.85"/>
  <testcase name="registrationFailureLeavesRequestsEligibleInsteadOfPermanentlyOffline" classname="com.clerk.api.AndroidNetworkTest" time="0.025"/>
  <testcase name="handoverIgnoresLateEventsFromTheReplacedDefaultNetwork" classname="com.clerk.api.AndroidNetworkTest" time="0.015"/>
  <testcase name="initialStateRequiresBothInternetAndValidation" classname="com.clerk.api.AndroidNetworkTest" time="0.016"/>
  <testcase name="currentNetworkCapabilityChangesUseTheDeliveredCapabilities" classname="com.clerk.api.AndroidNetworkTest" time="0.015"/>
  <testcase name="initiallyOfflineWaitsForValidatedAvailabilityAndReportsLoss" classname="com.clerk.api.AndroidNetworkTest" time="0.013"/>
  <testcase name="olderAndroidAvailabilityRestoresEligibilityWithoutCapabilityChange" classname="com.clerk.api.AndroidNetworkTest" time="0.407"/>
  <system-out><![CDATA[]]></system-out>
  <system-err><![CDATA[]]></system-err>
</testsuite>
