<?xml version='1.0' encoding='UTF-8' ?>
<testsuites tests="5" failures="0" errors="0" skipped="0" time="0.000" timestamp="2026-09-10T18:46:42" hostname="localhost">
  <testsuite name="com.clerk.api.AuthEntryPointTest" tests="5" failures="0" errors="0" skipped="0" time="1.023" timestamp="2026-09-10T18:46:42" hostname="localhost">
    <properties>
      <property name="device" value="emulator-5554" />
    </properties>
    <testcase name="phoneCodeUsesExplicitPreparation" classname="com.clerk.api.AuthEntryPointTest" time="0.278" />
    <testcase name="emailCodeUsesExplicitPreparation" classname="com.clerk.api.AuthEntryPointTest" time="0.218" />
    <testcase name="unrelatedAndOAuthCallbacksAreNotRedeemedAsEmailLinks" classname="com.clerk.api.AuthEntryPointTest" time="0.178" />
    <testcase name="signupPreservesNestedMetadata" classname="com.clerk.api.AuthEntryPointTest" time="0.179" />
    <testcase name="signupOmitsUnspecifiedMetadata" classname="com.clerk.api.AuthEntryPointTest" time="0.170" />
  </testsuite>
</testsuites>
