<?xml version="1.0" encoding="UTF-8"?>
<testsuite name="com.clerk.api.AndroidTimerCapabilityTest" tests="2" skipped="0" failures="0" errors="0" timestamp="2026-09-10T21:50:19.629Z" hostname="mac.lan" time="0.006">
  <properties/>
  <testcase name="fractionalTimerCompletes" classname="com.clerk.api.AndroidTimerCapabilityTest" time="0.005"/>
  <testcase name="fractionalTimerCanBeCancelled" classname="com.clerk.api.AndroidTimerCapabilityTest" time="0.001"/>
  <system-out><![CDATA[]]></system-out>
  <system-err><![CDATA[]]></system-err>
</testsuite>
