<?xml version='1.0' encoding='UTF-8' ?>
<testsuites tests="4" failures="2" errors="0" skipped="0" time="0.000" timestamp="2026-09-10T21:09:13" hostname="localhost">
  <testsuite name="com.clerk.api.BrowserActivityLifecycleTest" tests="4" failures="2" errors="0" skipped="0" time="6.241" timestamp="2026-09-10T21:09:13" hostname="localhost">
    <properties>
      <property name="device" value="emulator-5554" />
    </properties>
    <testcase name="immediateSecondAuthorizationIsPresentedAfterFirstCallback" classname="com.clerk.api.BrowserActivityLifecycleTest" time="5.230">
      <failure>java.lang.AssertionError: Activity sequence: [CoreBrowserActivity:PRE_ON_CREATE data=null pending=365dea0b-a0e8-40a8-b81e-adb92e218e63, CoreBrowserActivity:CREATED data=null pending=365dea0b-a0e8-40a8-b81e-adb92e218e63, CoreBrowserActivity:STARTED data=null pending=365dea0b-a0e8-40a8-b81e-adb92e218e63, start null https://provider.example/first, CoreBrowserActivity:RESUMED data=null pending=365dea0b-a0e8-40a8-b81e-adb92e218e63, CoreBrowserActivity:PAUSED data=null pending=365dea0b-a0e8-40a8-b81e-adb92e218e63, CoreBrowserActivity:STOPPED data=null pending=365dea0b-a0e8-40a8-b81e-adb92e218e63, deliver com.clerk.sdk.test.clerk://oauth/callback?rotating_token_nonce=first_nonce, Starting: Intent { act=android.intent.action.VIEW dat=com.clerk.sdk.test.clerk://oauth/... cmp=com.clerk.sdk.test/com.clerk.api.CoreBrowserCallbackActivity } , CoreBrowserCallbackActivity:PRE_ON_CREATE data=com.clerk.sdk.test.clerk://oauth/callback?rotating_token_nonce=first_nonce pending=365dea0b-a0e8-40a8-b81e-adb92e218e63, start com.clerk.api.CoreBrowserActivity com.clerk.sdk.test.clerk://oauth/callback?rotating_token_nonce=first_nonce, CoreBrowserCallbackActivity:CREATED data=com.clerk.sdk.test.clerk://oauth/callback?rotating_token_nonce=first_nonce pending=365dea0b-a0e8-40a8-b81e-adb92e218e63, CoreBrowserActivity:RESTARTED data=null pending=365dea0b-a0e8-40a8-b81e-adb92e218e63, CoreBrowserActivity:STARTED data=null pending=365dea0b-a0e8-40a8-b81e-adb92e218e63, start com.clerk.api.CoreBrowserActivity null, CoreBrowserActivity:RESUMED data=com.clerk.sdk.test.clerk://oauth/callback?rotating_token_nonce=first_nonce pending=cec4e77c-7b52-42fc-9950-75ad8c048b79, CoreBrowserActivity:PAUSED data=com.clerk.sdk.test.clerk://oauth/callback?rotating_token_nonce=first_nonce pending=cec4e77c-7b52-42fc-9950-75ad8c048b79, CoreBrowserCallbackActivity:DESTROYED data=com.clerk.sdk.test.clerk://oauth/callback?rotating_token_nonce=first_nonce pending=cec4e77c-7b52-42fc-9950-75ad8c048b79, CoreBrowserActivity:STOPPED data=null pending=cec4e77c-7b52-42fc-9950-75ad8c048b79, CoreBrowserActivity:DESTROYED data=null pending=cec4e77c-7b52-42fc-9950-75ad8c048b79]
	at com.clerk.api.BrowserActivityLifecycleTest$fixture$1$1.invokeSuspend(BrowserActivityLifecycleTest.kt:124)
	at kotlin.coroutines.jvm.internal.BaseContinuationImpl.resumeWith(ContinuationImpl.kt:34)
	at kotlinx.coroutines.internal.ScopeCoroutine.afterResume(Scopes.kt:35)
	at kotlinx.coroutines.AbstractCoroutine.resumeWith(AbstractCoroutine.kt:101)
	at kotlin.coroutines.jvm.internal.BaseContinuationImpl.resumeWith(ContinuationImpl.kt:47)
	at kotlinx.coroutines.DispatchedTask.run(DispatchedTask.kt:98)
	at kotlinx.coroutines.EventLoopImplBase.processNextEvent(EventLoop.common.kt:256)
	at kotlinx.coroutines.BlockingCoroutine.joinBlocking(Builders.kt:54)
	at kotlinx.coroutines.BuildersKt__BuildersKt.runBlockingImpl(Builders.kt:30)
	at kotlinx.coroutines.BuildersKt.runBlockingImpl(Unknown Source:1)
	at kotlinx.coroutines.BuildersKt__Builders_concurrentKt.runBlockingK(Builders.concurrent.kt:172)
	at kotlinx.coroutines.BuildersKt.runBlockingK(Unknown Source:1)
	at kotlinx.coroutines.BuildersKt__Builders_concurrentKt.runBlockingK$default(Builders.concurrent.kt:157)
	at kotlinx.coroutines.BuildersKt.runBlockingK$default(Unknown Source:1)
	at com.clerk.api.BrowserActivityLifecycleTest.fixture(BrowserActivityLifecycleTest.kt:118)
	at com.clerk.api.BrowserActivityLifecycleTest.immediateSecondAuthorizationIsPresentedAfterFirstCallback(BrowserActivityLifecycleTest.kt:52)
	... 32 trimmed
Caused by: kotlinx.coroutines.TimeoutCancellationException: Timed out waiting for 5000 ms
	at kotlinx.coroutines.TimeoutKt.TimeoutCancellationException(Timeout.kt:281)
	at kotlinx.coroutines.TimeoutCoroutine.run(Timeout.kt:243)
	at kotlinx.coroutines.EventLoopImplBase$DelayedRunnableTask.run(EventLoop.common.kt:498)
	at kotlinx.coroutines.EventLoopImplBase.processNextEvent(EventLoop.common.kt:256)
	at kotlinx.coroutines.DefaultExecutor.run(DefaultExecutor.kt:105)
	at java.lang.Thread.run(Thread.java:1119)
</failure>
    </testcase>
    <testcase name="resumedManagerTreatsBrowserDismissalAsCancellation" classname="com.clerk.api.BrowserActivityLifecycleTest" time="0.165" />
    <testcase name="actualReceiverDeliversCallbackToTheRunningManager" classname="com.clerk.api.BrowserActivityLifecycleTest" time="0.625" />
    <testcase name="browserCallbackSurvivesDeviceRotation" classname="com.clerk.api.BrowserActivityLifecycleTest" time="0.221">
      <failure>java.lang.AssertionError: Activity sequence: [CoreBrowserActivity:PRE_ON_CREATE data=null pending=02f8b8f0-d91a-4f0c-8c43-70ed86318b55, CoreBrowserActivity:CREATED data=null pending=02f8b8f0-d91a-4f0c-8c43-70ed86318b55, CoreBrowserActivity:STARTED data=null pending=02f8b8f0-d91a-4f0c-8c43-70ed86318b55, start null https://provider.example/first, CoreBrowserActivity:RESUMED data=null pending=02f8b8f0-d91a-4f0c-8c43-70ed86318b55, CoreBrowserActivity:PAUSED data=null pending=02f8b8f0-d91a-4f0c-8c43-70ed86318b55, CoreBrowserActivity:STOPPED data=null pending=02f8b8f0-d91a-4f0c-8c43-70ed86318b55, deliver com.clerk.sdk.test.clerk://oauth/callback?rotating_token_nonce=recreated_nonce, Starting: Intent { act=android.intent.action.VIEW dat=com.clerk.sdk.test.clerk://oauth/... cmp=com.clerk.sdk.test/com.clerk.api.CoreBrowserCallbackActivity } , CoreBrowserCallbackActivity:PRE_ON_CREATE data=com.clerk.sdk.test.clerk://oauth/callback?rotating_token_nonce=recreated_nonce pending=02f8b8f0-d91a-4f0c-8c43-70ed86318b55, start com.clerk.api.CoreBrowserActivity com.clerk.sdk.test.clerk://oauth/callback?rotating_token_nonce=recreated_nonce, CoreBrowserCallbackActivity:CREATED data=com.clerk.sdk.test.clerk://oauth/callback?rotating_token_nonce=recreated_nonce pending=02f8b8f0-d91a-4f0c-8c43-70ed86318b55, CoreBrowserActivity:DESTROYED data=null pending=02f8b8f0-d91a-4f0c-8c43-70ed86318b55, CoreBrowserActivity:PRE_ON_CREATE data=null pending=02f8b8f0-d91a-4f0c-8c43-70ed86318b55, CoreBrowserActivity:CREATED data=null pending=02f8b8f0-d91a-4f0c-8c43-70ed86318b55, CoreBrowserActivity:STARTED data=null pending=02f8b8f0-d91a-4f0c-8c43-70ed86318b55, CoreBrowserActivity:RESUMED data=null pending=null, CoreBrowserActivity:PAUSED data=null pending=null, rotation actual=1 target=1 foreground=com.android.settings]
	at com.clerk.api.BrowserActivityLifecycleTest$fixture$1$1.invokeSuspend(BrowserActivityLifecycleTest.kt:124)
	at kotlin.coroutines.jvm.internal.BaseContinuationImpl.resumeWith(ContinuationImpl.kt:34)
	at kotlinx.coroutines.DispatchedTask.run(DispatchedTask.kt:100)
	at kotlinx.coroutines.EventLoopImplBase.processNextEvent(EventLoop.common.kt:256)
	at kotlinx.coroutines.BlockingCoroutine.joinBlocking(Builders.kt:54)
	at kotlinx.coroutines.BuildersKt__BuildersKt.runBlockingImpl(Builders.kt:30)
	at kotlinx.coroutines.BuildersKt.runBlockingImpl(Unknown Source:1)
	at kotlinx.coroutines.BuildersKt__Builders_concurrentKt.runBlockingK(Builders.concurrent.kt:172)
	at kotlinx.coroutines.BuildersKt.runBlockingK(Unknown Source:1)
	at kotlinx.coroutines.BuildersKt__Builders_concurrentKt.runBlockingK$default(Builders.concurrent.kt:157)
	at kotlinx.coroutines.BuildersKt.runBlockingK$default(Unknown Source:1)
	at com.clerk.api.BrowserActivityLifecycleTest.fixture(BrowserActivityLifecycleTest.kt:118)
	at com.clerk.api.BrowserActivityLifecycleTest.browserCallbackSurvivesDeviceRotation(BrowserActivityLifecycleTest.kt:82)
	... 32 trimmed
Caused by: com.clerk.api.CoreException: The operation could not be completed.
	at com.clerk.api.BrowserRequests.cancel(BrowserAuthentication.kt:56)
	at com.clerk.api.BrowserRequests.cancel$default(BrowserAuthentication.kt:52)
	at com.clerk.api.CoreBrowserActivity.onResume(BrowserAuthentication.kt:79)
	at android.app.Instrumentation.callActivityOnResume(Instrumentation.java:1717)
	at androidx.test.runner.MonitoringInstrumentation.callActivityOnResume(MonitoringInstrumentation.java:798)
	at android.app.Activity.performResume(Activity.java:9315)
	at android.app.ActivityThread.performResumeActivity(ActivityThread.java:5605)
	at android.app.ActivityThread.handleResumeActivity(ActivityThread.java:5648)
	at android.app.servertransaction.TransactionExecutor.performLifecycleSequence(TransactionExecutor.java:218)
	at android.app.servertransaction.TransactionExecutor.cycleToPath(TransactionExecutor.java:194)
	at android.app.servertransaction.TransactionExecutor.executeLifecycleItem(TransactionExecutor.java:166)
	at android.app.servertransaction.TransactionExecutor.executeTransactionItems(TransactionExecutor.java:101)
	at android.app.servertransaction.TransactionExecutor.execute(TransactionExecutor.java:80)
	at android.app.ActivityThread$H.handleMessage(ActivityThread.java:2823)
	at android.os.Handler.dispatchMessage(Handler.java:110)
	at android.os.Looper.loopOnce(Looper.java:248)
	at android.os.Looper.loop(Looper.java:338)
	at android.app.ActivityThread.main(ActivityThread.java:9067)
	at java.lang.reflect.Method.invoke(Native Method)
	at com.android.internal.os.RuntimeInit$MethodAndArgsCaller.run(RuntimeInit.java:593)
	at com.android.internal.os.ZygoteInit.main(ZygoteInit.java:932)
</failure>
    </testcase>
  </testsuite>
</testsuites>
