<?xml version='1.0' encoding='UTF-8' ?>
<testsuites tests="7" failures="0" errors="0" skipped="0" time="0.000" timestamp="2026-09-10T21:28:03" hostname="localhost">
  <testsuite name="com.clerk.api.SignOutContractTest" tests="7" failures="0" errors="0" skipped="0" time="1.070" timestamp="2026-09-10T21:28:03" hostname="localhost">
    <properties>
      <property name="device" value="emulator-5554" />
    </properties>
    <testcase name="blankBearerAuthorizationClearsStoredClientCredential" classname="com.clerk.api.SignOutContractTest" time="0.218" />
    <testcase name="networkFailureIsNotReplayedOrReportedAsSuccess" classname="com.clerk.api.SignOutContractTest" time="0.146" />
    <testcase name="scopedSignOutPreservesOtherSelectedSession" classname="com.clerk.api.SignOutContractTest" time="0.144" />
    <testcase name="rejectedSignOutClearsSelectionButPreservesKnownServerSessions" classname="com.clerk.api.SignOutContractTest" time="0.141" />
    <testcase name="noSessionSignOutDoesNotRequestOrEraseClientCredential" classname="com.clerk.api.SignOutContractTest" time="0.126" />
    <testcase name="scopedRejectionPreservesOtherSelectedSession" classname="com.clerk.api.SignOutContractTest" time="0.135" />
    <testcase name="successfulSignOutUsesServerClientWithoutRefresh" classname="com.clerk.api.SignOutContractTest" time="0.160" />
  </testsuite>
</testsuites>
